
> app@0.1.0 lint
> eslint


/home/vaidya/projects/hms/frontend/app/apollo/page.tsx
  43:6  warning  React Hook useEffect has a missing dependency: 'router'. Either include it or remove the dependency array  react-hooks/exhaustive-deps

/home/vaidya/projects/hms/frontend/app/dashboard/page.tsx
  17:7  error  Error: Calling setState synchronously within an effect can trigger cascading renders

Effects are intended to synchronize state between React and external systems such as manually updating the DOM, state management libraries, or other platform APIs. In general, the body of an effect should do one or both of the following:
* Update external systems with the latest state from React.
* Subscribe for updates from some external system, calling setState in a callback function when external state changes.

Calling setState synchronously within an effect body causes cascading renders that can hurt performance, and is not recommended. (https://react.dev/learn/you-might-not-need-an-effect).

/home/vaidya/projects/hms/frontend/app/dashboard/page.tsx:17:7
  15 |       router.push("/login");
  16 |     } else {
> 17 |       setIsLoading(false);
     |       ^^^^^^^^^^^^ Avoid calling setState() directly within an effect
  18 |     }
  19 |   }, [router]);
  20 |  react-hooks/set-state-in-effect

/home/vaidya/projects/hms/frontend/project_components/login/organisam/route_organism.tsx
  56:55  error  Unexpected any. Specify a different type  @typescript-eslint/no-explicit-any

✖ 3 problems (2 errors, 1 warning)

